"C:\Program Files\Java\jdk-11.0.16.1\bin\java.exe" "-javaagent:D:\Softwares\IntelliJ IDEA Community Edition 2022.2.1\lib\idea_rt.jar=57530:D:\Softwares\IntelliJ IDEA Community Edition 2022.2.1\bin" -Dfile.encoding=UTF-8 -classpath D:\git_workspace\Apache-Kafka-Application\SimpleKafka\target\classes;C:\Users\DELL\.m2\repository\org\apache\kafka\kafka-clients\2.8.1\kafka-clients-2.8.1.jar;C:\Users\DELL\.m2\repository\com\github\luben\zstd-jni\1.4.9-1\zstd-jni-1.4.9-1.jar;C:\Users\DELL\.m2\repository\org\lz4\lz4-java\1.7.1\lz4-java-1.7.1.jar;C:\Users\DELL\.m2\repository\org\xerial\snappy\snappy-java\1.1.8.1\snappy-java-1.1.8.1.jar;C:\Users\DELL\.m2\repository\org\slf4j\slf4j-simple\1.7.36\slf4j-simple-1.7.36.jar;C:\Users\DELL\.m2\repository\org\slf4j\slf4j-api\1.7.36\slf4j-api-1.7.36.jar org.learn.kafka.producers.ProducerDemoKeys
[main] INFO org.apache.kafka.clients.producer.ProducerConfig - ProducerConfig values: 
	acks = 1
	batch.size = 16384
	bootstrap.servers = [localhost:9092]
	buffer.memory = 33554432
	client.dns.lookup = use_all_dns_ips
	client.id = producer-1
	compression.type = none
	connections.max.idle.ms = 540000
	delivery.timeout.ms = 120000
	enable.idempotence = false
	interceptor.classes = []
	internal.auto.downgrade.txn.commit = false
	key.serializer = class org.apache.kafka.common.serialization.StringSerializer
	linger.ms = 0
	max.block.ms = 60000
	max.in.flight.requests.per.connection = 5
	max.request.size = 1048576
	metadata.max.age.ms = 300000
	metadata.max.idle.ms = 300000
	metric.reporters = []
	metrics.num.samples = 2
	metrics.recording.level = INFO
	metrics.sample.window.ms = 30000
	partitioner.class = class org.apache.kafka.clients.producer.internals.DefaultPartitioner
	receive.buffer.bytes = 32768
	reconnect.backoff.max.ms = 1000
	reconnect.backoff.ms = 50
	request.timeout.ms = 30000
	retries = 2147483647
	retry.backoff.ms = 100
	sasl.client.callback.handler.class = null
	sasl.jaas.config = null
	sasl.kerberos.kinit.cmd = /usr/bin/kinit
	sasl.kerberos.min.time.before.relogin = 60000
	sasl.kerberos.service.name = null
	sasl.kerberos.ticket.renew.jitter = 0.05
	sasl.kerberos.ticket.renew.window.factor = 0.8
	sasl.login.callback.handler.class = null
	sasl.login.class = null
	sasl.login.refresh.buffer.seconds = 300
	sasl.login.refresh.min.period.seconds = 60
	sasl.login.refresh.window.factor = 0.8
	sasl.login.refresh.window.jitter = 0.05
	sasl.mechanism = GSSAPI
	security.protocol = PLAINTEXT
	security.providers = null
	send.buffer.bytes = 131072
	socket.connection.setup.timeout.max.ms = 30000
	socket.connection.setup.timeout.ms = 10000
	ssl.cipher.suites = null
	ssl.enabled.protocols = [TLSv1.2, TLSv1.3]
	ssl.endpoint.identification.algorithm = https
	ssl.engine.factory.class = null
	ssl.key.password = null
	ssl.keymanager.algorithm = SunX509
	ssl.keystore.certificate.chain = null
	ssl.keystore.key = null
	ssl.keystore.location = null
	ssl.keystore.password = null
	ssl.keystore.type = JKS
	ssl.protocol = TLSv1.3
	ssl.provider = null
	ssl.secure.random.implementation = null
	ssl.trustmanager.algorithm = PKIX
	ssl.truststore.certificates = null
	ssl.truststore.location = null
	ssl.truststore.password = null
	ssl.truststore.type = JKS
	transaction.timeout.ms = 60000
	transactional.id = null
	value.serializer = class org.apache.kafka.common.serialization.StringSerializer

[main] INFO org.apache.kafka.common.utils.AppInfoParser - Kafka version: 2.8.1
[main] INFO org.apache.kafka.common.utils.AppInfoParser - Kafka commitId: 839b886f9b732b15
[main] INFO org.apache.kafka.common.utils.AppInfoParser - Kafka startTimeMs: 1661230202610
[main] INFO org.learn.kafka.producers.ProducerDemoKeys - Key: Key_0
[kafka-producer-network-thread | producer-1] INFO org.apache.kafka.clients.Metadata - [Producer clientId=producer-1] Cluster ID: 2ZS4E1ctSBq00xrOrzxRpQ
[kafka-producer-network-thread | producer-1] INFO org.learn.kafka.producers.ProducerDemoKeys - Received new metadata.
Topic: first_topic
Partition: 1
Offset: 14
Timestamp: 1661230203053
[main] INFO org.learn.kafka.producers.ProducerDemoKeys - Key: Key_1
[kafka-producer-network-thread | producer-1] INFO org.learn.kafka.producers.ProducerDemoKeys - Received new metadata.
Topic: first_topic
Partition: 2
Offset: 16
Timestamp: 1661230203115
[main] INFO org.learn.kafka.producers.ProducerDemoKeys - Key: Key_2
[kafka-producer-network-thread | producer-1] INFO org.learn.kafka.producers.ProducerDemoKeys - Received new metadata.
Topic: first_topic
Partition: 2
Offset: 17
Timestamp: 1661230203118
[main] INFO org.learn.kafka.producers.ProducerDemoKeys - Key: Key_3
[kafka-producer-network-thread | producer-1] INFO org.learn.kafka.producers.ProducerDemoKeys - Received new metadata.
Topic: first_topic
Partition: 0
Offset: 14
Timestamp: 1661230203121
[main] INFO org.learn.kafka.producers.ProducerDemoKeys - Key: Key_4
[kafka-producer-network-thread | producer-1] INFO org.learn.kafka.producers.ProducerDemoKeys - Received new metadata.
Topic: first_topic
Partition: 2
Offset: 18
Timestamp: 1661230203125
[main] INFO org.learn.kafka.producers.ProducerDemoKeys - Key: Key_5
[kafka-producer-network-thread | producer-1] INFO org.learn.kafka.producers.ProducerDemoKeys - Received new metadata.
Topic: first_topic
Partition: 2
Offset: 19
Timestamp: 1661230203129
[main] INFO org.learn.kafka.producers.ProducerDemoKeys - Key: Key_6
[kafka-producer-network-thread | producer-1] INFO org.learn.kafka.producers.ProducerDemoKeys - Received new metadata.
Topic: first_topic
Partition: 1
Offset: 15
Timestamp: 1661230203133
[main] INFO org.learn.kafka.producers.ProducerDemoKeys - Key: Key_7
[kafka-producer-network-thread | producer-1] INFO org.learn.kafka.producers.ProducerDemoKeys - Received new metadata.
Topic: first_topic
Partition: 1
Offset: 16
Timestamp: 1661230203135
[main] INFO org.learn.kafka.producers.ProducerDemoKeys - Key: Key_8
[kafka-producer-network-thread | producer-1] INFO org.learn.kafka.producers.ProducerDemoKeys - Received new metadata.
Topic: first_topic
Partition: 0
Offset: 15
Timestamp: 1661230203139
[main] INFO org.learn.kafka.producers.ProducerDemoKeys - Key: Key_9
[kafka-producer-network-thread | producer-1] INFO org.learn.kafka.producers.ProducerDemoKeys - Received new metadata.
Topic: first_topic
Partition: 0
Offset: 16
Timestamp: 1661230203142
[main] INFO org.apache.kafka.clients.producer.KafkaProducer - [Producer clientId=producer-1] Closing the Kafka producer with timeoutMillis = 9223372036854775807 ms.
[main] INFO org.apache.kafka.common.metrics.Metrics - Metrics scheduler closed
[main] INFO org.apache.kafka.common.metrics.Metrics - Closing reporter org.apache.kafka.common.metrics.JmxReporter
[main] INFO org.apache.kafka.common.metrics.Metrics - Metrics reporters closed
[main] INFO org.apache.kafka.common.utils.AppInfoParser - App info kafka.producer for producer-1 unregistered

Process finished with exit code 0
